<?xml version="1.0" encoding="UTF-8"?>
<!-- Generated by org.testng.reporters.JUnitXMLReporter -->
<testsuite ignored="0" hostname="DESKTOP-FDAMF98" failures="0" tests="5" name="Test(failed)" time="35.215" errors="0" timestamp="2023-06-11T10:34:34 IST">
  <testcase classname="testcases.TC_003_LoginDataDrivenTest" name="test_LoginDDt" time="2.116"/>
  <testcase classname="testcases.TC_003_LoginDataDrivenTest" name="test_LoginDDt" time="1.216"/>
  <testcase classname="testcases.TC_003_LoginDataDrivenTest" name="test_LoginDDt" time="1.201"/>
  <testcase classname="testcases.TC_003_LoginDataDrivenTest" name="test_LoginDDt" time="1.18"/>
  <testcase classname="testcases.TC_003_LoginDataDrivenTest" name="test_LoginDDt" time="1.216"/>
</testsuite> <!-- Test(failed) -->
