<?xml version="1.0" encoding="UTF-8"?>
<testng-results ignored="0" total="5" passed="5" failed="0" skipped="0">
  <reporter-output>
  </reporter-output>
  <suite started-at="2023-06-11T10:33:59 IST" name="Failed suite [Suite]" finished-at="2023-06-11T10:34:34 IST" duration-ms="35215">
    <groups>
    </groups>
    <test started-at="2023-06-11T10:33:59 IST" name="Test(failed)" finished-at="2023-06-11T10:34:34 IST" duration-ms="35215">
      <class name="testcases.TC_003_LoginDataDrivenTest">
        <test-method is-config="true" signature="setup(java.lang.String)[pri:0, instance:testcases.TC_003_LoginDataDrivenTest@71a8adcf]" started-at="2023-06-11T10:33:59 IST" name="setup" finished-at="2023-06-11T10:34:18 IST" duration-ms="18982" status="PASS">
          <params>
            <param index="0">
              <value>
                <![CDATA[chrome]]>
              </value>
            </param>
          </params>
          <reporter-output>
          </reporter-output>
        </test-method> <!-- setup -->
        <test-method signature="test_LoginDDt(java.lang.String,java.lang.String,java.lang.String)[pri:0, instance:testcases.TC_003_LoginDataDrivenTest@71a8adcf]" started-at="2023-06-11T10:34:23 IST" name="test_LoginDDt" data-provider="LoginData" finished-at="2023-06-11T10:34:25 IST" duration-ms="2116" status="PASS">
          <params>
            <param index="0">
              <value>
                <![CDATA[rmkm2034@gmail.com]]>
              </value>
            </param>
            <param index="1">
              <value>
                <![CDATA[ram@12345]]>
              </value>
            </param>
            <param index="2">
              <value>
                <![CDATA[valid]]>
              </value>
            </param>
          </params>
          <reporter-output>
          </reporter-output>
        </test-method> <!-- test_LoginDDt -->
        <test-method signature="test_LoginDDt(java.lang.String,java.lang.String,java.lang.String)[pri:0, instance:testcases.TC_003_LoginDataDrivenTest@71a8adcf]" started-at="2023-06-11T10:34:26 IST" name="test_LoginDDt" data-provider="LoginData" finished-at="2023-06-11T10:34:27 IST" duration-ms="1216" status="PASS">
          <params>
            <param index="0">
              <value>
                <![CDATA[rmkm33@gmail.com]]>
              </value>
            </param>
            <param index="1">
              <value>
                <![CDATA[ram123]]>
              </value>
            </param>
            <param index="2">
              <value>
                <![CDATA[invalid]]>
              </value>
            </param>
          </params>
          <reporter-output>
          </reporter-output>
        </test-method> <!-- test_LoginDDt -->
        <test-method signature="test_LoginDDt(java.lang.String,java.lang.String,java.lang.String)[pri:0, instance:testcases.TC_003_LoginDataDrivenTest@71a8adcf]" started-at="2023-06-11T10:34:27 IST" name="test_LoginDDt" data-provider="LoginData" finished-at="2023-06-11T10:34:28 IST" duration-ms="1201" status="PASS">
          <params>
            <param index="0">
              <value>
                <![CDATA[ram@gmail.com]]>
              </value>
            </param>
            <param index="1">
              <value>
                <![CDATA[ramku456]]>
              </value>
            </param>
            <param index="2">
              <value>
                <![CDATA[invalid]]>
              </value>
            </param>
          </params>
          <reporter-output>
          </reporter-output>
        </test-method> <!-- test_LoginDDt -->
        <test-method signature="test_LoginDDt(java.lang.String,java.lang.String,java.lang.String)[pri:0, instance:testcases.TC_003_LoginDataDrivenTest@71a8adcf]" started-at="2023-06-11T10:34:28 IST" name="test_LoginDDt" data-provider="LoginData" finished-at="2023-06-11T10:34:29 IST" duration-ms="1180" status="PASS">
          <params>
            <param index="0">
              <value>
                <![CDATA[ramu@gmail.com]]>
              </value>
            </param>
            <param index="1">
              <value>
                <![CDATA[ram253]]>
              </value>
            </param>
            <param index="2">
              <value>
                <![CDATA[invalid]]>
              </value>
            </param>
          </params>
          <reporter-output>
          </reporter-output>
        </test-method> <!-- test_LoginDDt -->
        <test-method signature="test_LoginDDt(java.lang.String,java.lang.String,java.lang.String)[pri:0, instance:testcases.TC_003_LoginDataDrivenTest@71a8adcf]" started-at="2023-06-11T10:34:29 IST" name="test_LoginDDt" data-provider="LoginData" finished-at="2023-06-11T10:34:30 IST" duration-ms="1216" status="PASS">
          <params>
            <param index="0">
              <value>
                <![CDATA[rmkm2034@gmail.com]]>
              </value>
            </param>
            <param index="1">
              <value>
                <![CDATA[ram@12345]]>
              </value>
            </param>
            <param index="2">
              <value>
                <![CDATA[valid]]>
              </value>
            </param>
          </params>
          <reporter-output>
          </reporter-output>
        </test-method> <!-- test_LoginDDt -->
        <test-method is-config="true" signature="teardown()[pri:0, instance:testcases.TC_003_LoginDataDrivenTest@71a8adcf]" started-at="2023-06-11T10:34:30 IST" name="teardown" finished-at="2023-06-11T10:34:34 IST" duration-ms="3474" status="PASS">
          <reporter-output>
          </reporter-output>
        </test-method> <!-- teardown -->
      </class> <!-- testcases.TC_003_LoginDataDrivenTest -->
    </test> <!-- Test(failed) -->
  </suite> <!-- Failed suite [Suite] -->
</testng-results>
